<?xml version="1.0" encoding="UTF-8"?>
<!-- Generated by org.testng.reporters.JUnitReportReporter -->
<testsuite hostname="TYC112177SindhuRM" failures="0" tests="5" name="dataProviderConcept.TwoDimensionalDataProviderReadFromExcel" time="0.018" errors="0" timestamp="2022-01-25T00:33:59 IST" skipped="0">
  <testcase classname="dataProviderConcept.TwoDimensionalDataProviderReadFromExcel" name="readMultipleDataFromExcel" time="0.004"/>
  <system-out/>
  <testcase classname="dataProviderConcept.TwoDimensionalDataProviderReadFromExcel" name="readMultipleDataFromExcel" time="0.002"/>
  <system-out/>
  <testcase classname="dataProviderConcept.TwoDimensionalDataProviderReadFromExcel" name="readMultipleDataFromExcel" time="0.008"/>
  <system-out/>
  <testcase classname="dataProviderConcept.TwoDimensionalDataProviderReadFromExcel" name="readMultipleDataFromExcel" time="0.002"/>
  <system-out/>
  <testcase classname="dataProviderConcept.TwoDimensionalDataProviderReadFromExcel" name="readMultipleDataFromExcel" time="0.002"/>
  <system-out/>
</testsuite> <!-- dataProviderConcept.TwoDimensionalDataProviderReadFromExcel -->
