<?xml version="1.0" encoding="UTF-8"?>
<!-- Generated by org.testng.reporters.JUnitReportReporter -->
<testsuite hostname="TYC112177SindhuRM" failures="0" tests="2" name="dataProviderConcept.TwoDimArrayWithoutReadFromExcel" time="28.162" errors="0" timestamp="2022-01-24T23:57:37 IST" skipped="0">
  <testcase classname="dataProviderConcept.TwoDimArrayWithoutReadFromExcel" name="readMultipleDataFromExcel" time="14.066"/>
  <system-out/>
  <testcase classname="dataProviderConcept.TwoDimArrayWithoutReadFromExcel" name="readMultipleDataFromExcel" time="14.096"/>
  <system-out/>
</testsuite> <!-- dataProviderConcept.TwoDimArrayWithoutReadFromExcel -->
