<?xml version="1.0" encoding="UTF-8"?>
<!-- Generated by org.testng.reporters.JUnitReportReporter -->
<testsuite hostname="TYC112177SindhuRM" failures="0" tests="1" name="testNGBasics.Seleniumbasic" time="30.701" errors="0" timestamp="2022-01-23T10:16:12 IST" skipped="0">
  <testcase classname="testNGBasics.Seleniumbasic" name="addLoan" time="30.701"/>
  <system-out/>
</testsuite> <!-- testNGBasics.Seleniumbasic -->
