<?xml version="1.0" encoding="UTF-8"?>
<!-- Generated by org.testng.reporters.JUnitReportReporter -->
<testsuite hostname="TYC112177SindhuRM" failures="0" tests="1" name="seleniumMiniProject.Script_001" time="77.971" errors="0" timestamp="2022-01-27T10:12:42 IST" skipped="0">
  <testcase classname="seleniumMiniProject.Script_001" name="create" time="77.971"/>
  <system-out/>
</testsuite> <!-- seleniumMiniProject.Script_001 -->
