<?xml version="1.0" encoding="UTF-8"?>
<!-- Generated by org.testng.reporters.JUnitReportReporter -->
<testsuite hostname="TYC112177SindhuRM" failures="0" tests="1" name="dataProviderConcept.TC_SupportOneDimensionalArray_001" time="0.000" errors="0" timestamp="2022-01-24T11:14:14 IST" skipped="1">
  <testcase classname="dataProviderConcept.TC_SupportOneDimensionalArray_001" name="createARequest" time="0.000">
    <skipped/>
  </testcase> <!-- createARequest -->
  <system-out/>
</testsuite> <!-- dataProviderConcept.TC_SupportOneDimensionalArray_001 -->
